This is LuaTeX, Version beta-0.70.2-2012060719 (MiKTeX 2.9 64-bit)  (format=lualatex 2013.3.13)  8 JUL 2013 19:22
**"Thesis Main.tex"

("D:/Dropbox/Master Thesis Final/Master Thesis Final git/Smart Cafeteria Report
/src/Thesis Main.tex"
LaTeX2e <2011/06/27>
LuaTeX adaptation of babel <v3.8m-luatex-1.5> and hyphenation patterns for engl
ish, loaded.
("C:/Program Files/MiKTeX 2.9/tex/latex/base/report.cls"
Document Class: report 2007/10/19 v1.4h Standard LaTeX document class
("C:/Program Files/MiKTeX 2.9/tex/latex/base/size12.clo"
File: size12.clo 2007/10/19 v1.4h Standard LaTeX file (size option)
)
\c@part=\count79
\c@chapter=\count80
\c@section=\count81
\c@subsection=\count82
\c@subsubsection=\count83
\c@paragraph=\count84
\c@subparagraph=\count85
\c@figure=\count86
\c@table=\count87
\abovecaptionskip=\skip41
\belowcaptionskip=\skip42
\bibindent=\dimen102
)
("C:/Program Files/MiKTeX 2.9/tex/latex/hyperref/hyperref.sty"
Package: hyperref 2012/11/06 v6.83m Hypertext links for LaTeX

("C:/Program Files/MiKTeX 2.9/tex/generic/oberdiek/hobsub-hyperref.sty"
Package: hobsub-hyperref 2012/04/25 v1.12 Bundle oberdiek, subset hyperref (HO)


("C:/Program Files/MiKTeX 2.9/tex/generic/oberdiek/hobsub-generic.sty"
Package: hobsub-generic 2012/04/25 v1.12 Bundle oberdiek, subset generic (HO)
Package: hobsub 2012/04/25 v1.12 Construct package bundles (HO)
Package: infwarerr 2010/04/08 v1.3 Providing info/warning/error messages (HO)
Package: ltxcmds 2011/11/09 v1.22 LaTeX kernel commands for general use (HO)
Package: ifluatex 2010/03/01 v1.3 Provides the ifluatex switch (HO)
Package ifluatex Info: LuaTeX detected.
Package: ifvtex 2010/03/01 v1.5 Detect VTeX and its facilities (HO)
Package ifvtex Info: VTeX not detected.
Package: intcalc 2007/09/27 v1.1 Expandable calculations with integers (HO)
Package: ifpdf 2011/01/30 v2.3 Provides the ifpdf switch (HO)
Package ifpdf Info: pdfTeX in PDF mode is detected.
Package: etexcmds 2011/02/16 v1.5 Avoid name clashes with e-TeX commands (HO)
Package: kvsetkeys 2012/04/25 v1.16 Key value parser (HO)
Package: kvdefinekeys 2011/04/07 v1.3 Define keys (HO)
Package: luatex-loader 2010/03/09 v0.4 Lua module loader (HO)

(C:/Program Files/MiKTeX 2.9/scripts/oberdiek/oberdiek.luatex.lua)
Package: pdftexcmds 2011/11/29 v0.20 Utility functions of pdfTeX for LuaTeX (HO
)
Package pdftexcmds Info: \pdf@primitive is available.
Package pdftexcmds Info: \pdf@ifprimitive is available.
Package pdftexcmds Info: \pdfdraftmode found.
\pdftexcmds@toks=\toks14
Package: pdfescape 2011/11/25 v1.13 Implements pdfTeX's escape features (HO)
Package: bigintcalc 2012/04/08 v1.3 Expandable calculations on big integers (HO
)
Package: bitset 2011/01/30 v1.1 Handle bit-vector datatype (HO)
Package: uniquecounter 2011/01/30 v1.2 Provide unlimited unique counter (HO)
)
Package hobsub Info: Skipping package `hobsub' (already loaded).
Package: letltxmacro 2010/09/02 v1.4 Let assignment for LaTeX macros (HO)
Package: hopatch 2011/06/24 v1.1 Wrapper for package hooks (HO)
Package: xcolor-patch 2011/01/30 xcolor patch
Package: atveryend 2011/06/30 v1.8 Hooks at the very end of document (HO)
Package atveryend Info: \enddocument detected (standard20110627).
Package: atbegshi 2011/10/05 v1.16 At begin shipout hook (HO)
Package: refcount 2011/10/16 v3.4 Data extraction from label references (HO)
Package: hycolor 2011/01/30 v1.7 Color options for hyperref/bookmark (HO)
)
("C:/Program Files/MiKTeX 2.9/tex/latex/graphics/keyval.sty"
Package: keyval 1999/03/16 v1.13 key=value parser (DPC)
\KV@toks@=\toks15
)
("C:/Program Files/MiKTeX 2.9/tex/generic/ifxetex/ifxetex.sty"
Package: ifxetex 2010/09/12 v0.6 Provides ifxetex conditional
)
("C:/Program Files/MiKTeX 2.9/tex/latex/oberdiek/auxhook.sty"
Package: auxhook 2011/03/04 v1.3 Hooks for auxiliary files (HO)
)
("C:/Program Files/MiKTeX 2.9/tex/latex/oberdiek/kvoptions.sty"
Package: kvoptions 2011/06/30 v3.11 Key value format for package options (HO)
)
\@linkdim=\dimen103
\Hy@linkcounter=\count88
\Hy@pagecounter=\count89

("C:/Program Files/MiKTeX 2.9/tex/latex/hyperref/pd1enc.def"
File: pd1enc.def 2012/11/06 v6.83m Hyperref: PDFDocEncoding definition (HO)
)
\Hy@SavedSpaceFactor=\count90

("C:/Program Files/MiKTeX 2.9/tex/latex/00miktex/hyperref.cfg"
File: hyperref.cfg 2002/06/06 v1.2 hyperref configuration of TeXLive
)
Package hyperref Info: Hyper figures OFF on input line 4443.
Package hyperref Info: Link nesting OFF on input line 4448.
Package hyperref Info: Hyper index ON on input line 4451.
Package hyperref Info: Plain pages OFF on input line 4458.
Package hyperref Info: Backreferencing OFF on input line 4463.
Package hyperref Info: Implicit mode ON; LaTeX internals redefined.
Package hyperref Info: Bookmarks ON on input line 4688.
\c@Hy@tempcnt=\count91

("C:/Program Files/MiKTeX 2.9/tex/latex/ltxmisc/url.sty"
\Urlmuskip=\muskip10
Package: url 2006/04/12  ver 3.3  Verb mode for urls, etc.
)
LaTeX Info: Redefining \url on input line 5041.
\XeTeXLinkMargin=\dimen104
\Fld@menulength=\count92
\Field@Width=\dimen105
\Fld@charsize=\dimen106
Package hyperref Info: Hyper figures OFF on input line 6295.
Package hyperref Info: Link nesting OFF on input line 6300.
Package hyperref Info: Hyper index ON on input line 6303.
Package hyperref Info: backreferencing OFF on input line 6310.
Package hyperref Info: Link coloring OFF on input line 6315.
Package hyperref Info: Link coloring with OCG OFF on input line 6320.
Package hyperref Info: PDF/A mode OFF on input line 6325.
LaTeX Info: Redefining \ref on input line 6365.
LaTeX Info: Redefining \pageref on input line 6369.
\Hy@abspage=\count93
\c@Item=\count94
\c@Hfootnote=\count95
)

Package hyperref Message: Driver (autodetected): hpdftex.

("C:/Program Files/MiKTeX 2.9/tex/latex/hyperref/hpdftex.def"
File: hpdftex.def 2012/11/06 v6.83m Hyperref driver for pdfTeX
\Fld@listcount=\count96
\c@bookmark@seq@number=\count97

("C:/Program Files/MiKTeX 2.9/tex/latex/oberdiek/rerunfilecheck.sty"
Package: rerunfilecheck 2011/04/15 v1.7 Rerun checks for auxiliary files (HO)
Package uniquecounter Info: New unique counter `rerunfilecheck' on input line 2
82.
)
\Hy@SectionHShift=\skip43
)
Package hyperref Info: Option `colorlinks' set `true' on input line 17.
Package hyperref Info: Option `bookmarksopen' set `false' on input line 17.

("C:/Program Files/MiKTeX 2.9/tex/latex/tools/enumerate.sty"
Package: enumerate 1999/03/05 v3.00 enumerate extensions (DPC)
\@enLab=\toks16
)
("C:/Program Files/MiKTeX 2.9/tex/latex/graphics/lscape.sty"
Package: lscape 2000/10/22 v3.01 Landscape Pages (DPC)

("C:/Program Files/MiKTeX 2.9/tex/latex/graphics/graphics.sty"
Package: graphics 2009/02/05 v1.0o Standard LaTeX Graphics (DPC,SPQR)

("C:/Program Files/MiKTeX 2.9/tex/latex/graphics/trig.sty"
Package: trig 1999/03/16 v1.09 sin cos tan (DPC)
)
("C:/Program Files/MiKTeX 2.9/tex/latex/00miktex/graphics.cfg"
File: graphics.cfg 2007/01/18 v1.5 graphics configuration of teTeX/TeXLive
)
Package graphics Info: Driver file: pdftex.def on input line 91.

("C:/Program Files/MiKTeX 2.9/tex/latex/pdftex-def/pdftex.def"
File: pdftex.def 2011/05/27 v0.06d Graphics/color for pdfTeX
\Gread@gobject=\count98
)))
Package hyperref Info: Option `linktocpage' set `true' on input line 27.

("C:/Program Files/MiKTeX 2.9/tex/generic/babel/babel.sty"
Package: babel 2008/07/08 v3.8m The Babel package

*************************************
* Local config file bblopts.cfg used
*
("C:/Program Files/MiKTeX 2.9/tex/latex/00miktex/bblopts.cfg"
File: bblopts.cfg 2006/07/31 v1.0 MiKTeX 'babel' configuration
)
("C:/Program Files/MiKTeX 2.9/tex/generic/babel/english.ldf"
Language: english 2005/03/30 v3.3o English support from the babel system

("C:/Program Files/MiKTeX 2.9/tex/generic/babel/babel.def"
File: babel.def 2008/07/08 v3.8m Babel common definitions
\babel@savecnt=\count99
\U@D=\dimen107
)
luatex-hyphen: using data file: C:/ProgramData/MiKTeX/2.9/tex/generic/config/la
nguage.dat.lua
\l@canadian = a dialect from \language\l@american 
\l@australian = a dialect from \language\l@british 
\l@newzealand = a dialect from \language\l@british 
))
("C:/Program Files/MiKTeX 2.9/tex/latex/base/fontenc.sty"
Package: fontenc 2005/09/27 v1.99g Standard LaTeX package

("C:/Program Files/MiKTeX 2.9/tex/latex/base/t1enc.def"
File: t1enc.def 2005/09/27 v1.99g Standard LaTeX file
LaTeX Font Info:    Redeclaring font encoding T1 on input line 43.
))
("C:/Program Files/MiKTeX 2.9/tex/latex/base/inputenc.sty"
Package: inputenc 2008/03/30 v1.1d Input encoding file
\inpenc@prehook=\toks17
\inpenc@posthook=\toks18

("C:/Program Files/MiKTeX 2.9/tex/latex/base/ansinew.def"
File: ansinew.def 2008/03/30 v1.1d Input encoding file
))
("C:/Program Files/MiKTeX 2.9/tex/latex/amsmath/amsmath.sty"
Package: amsmath 2013/01/14 v2.14 AMS math features
\@mathmargin=\skip44

For additional information on amsmath, use the `?' option.
("C:/Program Files/MiKTeX 2.9/tex/latex/amsmath/amstext.sty"
Package: amstext 2000/06/29 v2.01

("C:/Program Files/MiKTeX 2.9/tex/latex/amsmath/amsgen.sty"
File: amsgen.sty 1999/11/30 v2.0
\@emptytoks=\toks19
\ex@=\dimen108
))
("C:/Program Files/MiKTeX 2.9/tex/latex/amsmath/amsbsy.sty"
Package: amsbsy 1999/11/29 v1.2d
\pmbraise@=\dimen109
)
("C:/Program Files/MiKTeX 2.9/tex/latex/amsmath/amsopn.sty"
Package: amsopn 1999/12/14 v2.01 operator names
)
\inf@bad=\count100
LaTeX Info: Redefining \frac on input line 210.
\uproot@=\count101
\leftroot@=\count102
LaTeX Info: Redefining \overline on input line 306.
\classnum@=\count103
\DOTSCASE@=\count104
LaTeX Info: Redefining \ldots on input line 378.
LaTeX Info: Redefining \dots on input line 381.
LaTeX Info: Redefining \cdots on input line 466.
\Mathstrutbox@=\box26
\strutbox@=\box27
\big@size=\dimen110
LaTeX Font Info:    Redeclaring font encoding OML on input line 566.
LaTeX Font Info:    Redeclaring font encoding OMS on input line 567.
\macc@depth=\count105
\c@MaxMatrixCols=\count106
\dotsspace@=\muskip11
\c@parentequation=\count107
\dspbrk@lvl=\count108
\tag@help=\toks20
\row@=\count109
\column@=\count110
\maxfields@=\count111
\andhelp@=\toks21
\eqnshift@=\dimen111
\alignsep@=\dimen112
\tagshift@=\dimen113
\tagwidth@=\dimen114
\totwidth@=\dimen115
\lineht@=\dimen116
\@envbody=\toks22
\multlinegap=\skip45
\multlinetaggap=\skip46
\mathdisplay@stack=\toks23
LaTeX Info: Redefining \[ on input line 2665.
LaTeX Info: Redefining \] on input line 2666.
)
("C:/Program Files/MiKTeX 2.9/tex/latex/lm/lmodern.sty"
Package: lmodern 2009/10/30 v1.6 Latin Modern Fonts
LaTeX Font Info:    Overwriting symbol font `operators' in version `normal'
(Font)                  OT1/cmr/m/n --> OT1/lmr/m/n on input line 22.
LaTeX Font Info:    Overwriting symbol font `letters' in version `normal'
(Font)                  OML/cmm/m/it --> OML/lmm/m/it on input line 23.
LaTeX Font Info:    Overwriting symbol font `symbols' in version `normal'
(Font)                  OMS/cmsy/m/n --> OMS/lmsy/m/n on input line 24.
LaTeX Font Info:    Overwriting symbol font `largesymbols' in version `normal'
(Font)                  OMX/cmex/m/n --> OMX/lmex/m/n on input line 25.
LaTeX Font Info:    Overwriting symbol font `operators' in version `bold'
(Font)                  OT1/cmr/bx/n --> OT1/lmr/bx/n on input line 26.
LaTeX Font Info:    Overwriting symbol font `letters' in version `bold'
(Font)                  OML/cmm/b/it --> OML/lmm/b/it on input line 27.
LaTeX Font Info:    Overwriting symbol font `symbols' in version `bold'
(Font)                  OMS/cmsy/b/n --> OMS/lmsy/b/n on input line 28.
LaTeX Font Info:    Overwriting symbol font `largesymbols' in version `bold'
(Font)                  OMX/cmex/m/n --> OMX/lmex/m/n on input line 29.
LaTeX Font Info:    Overwriting math alphabet `\mathbf' in version `normal'
(Font)                  OT1/cmr/bx/n --> OT1/lmr/bx/n on input line 31.
LaTeX Font Info:    Overwriting math alphabet `\mathsf' in version `normal'
(Font)                  OT1/cmss/m/n --> OT1/lmss/m/n on input line 32.
LaTeX Font Info:    Overwriting math alphabet `\mathit' in version `normal'
(Font)                  OT1/cmr/m/it --> OT1/lmr/m/it on input line 33.
LaTeX Font Info:    Overwriting math alphabet `\mathtt' in version `normal'
(Font)                  OT1/cmtt/m/n --> OT1/lmtt/m/n on input line 34.
LaTeX Font Info:    Overwriting math alphabet `\mathbf' in version `bold'
(Font)                  OT1/cmr/bx/n --> OT1/lmr/bx/n on input line 35.
LaTeX Font Info:    Overwriting math alphabet `\mathsf' in version `bold'
(Font)                  OT1/cmss/bx/n --> OT1/lmss/bx/n on input line 36.
LaTeX Font Info:    Overwriting math alphabet `\mathit' in version `bold'
(Font)                  OT1/cmr/bx/it --> OT1/lmr/bx/it on input line 37.
LaTeX Font Info:    Overwriting math alphabet `\mathtt' in version `bold'
(Font)                  OT1/cmtt/m/n --> OT1/lmtt/m/n on input line 38.
)
("C:/Program Files/MiKTeX 2.9/tex/latex/graphics/graphicx.sty"
Package: graphicx 1999/02/16 v1.0f Enhanced LaTeX Graphics (DPC,SPQR)
\Gin@req@height=\dimen117
\Gin@req@width=\dimen118
)
("C:/Program Files/MiKTeX 2.9/tex/latex/caption/caption.sty"
Package: caption 2013/02/03 v3.3-65 Customizing captions (AR)

("C:/Program Files/MiKTeX 2.9/tex/latex/caption/caption3.sty"
Package: caption3 2013/02/03 v1.5-62 caption3 kernel (AR)
\captionmargin=\dimen119
\captionmargin@=\dimen120
\captionwidth=\dimen121
\caption@tempdima=\dimen122
\caption@indent=\dimen123
\caption@parindent=\dimen124
\caption@hangindent=\dimen125
)
\c@ContinuedFloat=\count112
Package caption Info: hyperref package is loaded.
)
("C:/Program Files/MiKTeX 2.9/tex/latex/caption/subcaption.sty"
Package: subcaption 2013/02/03 v1.1-62 Sub-captions (AR)
\c@subfigure=\count113
\c@subtable=\count114
)
(C:/Users/Richard/AppData/Roaming/MiKTeX/2.9/tex/latex/appendix/appendix.sty
Package: appendix 2009/09/02 v1.2b extra appendix facilities
\c@@pps=\count115
\c@@ppsavesec=\count116
\c@@ppsaveapp=\count117
)
("C:/Program Files/MiKTeX 2.9/tex/latex/natbib/natbib.sty"
Package: natbib 2010/09/13 8.31b (PWD, AO)
\bibhang=\skip47
\bibsep=\skip48
LaTeX Info: Redefining \cite on input line 694.
\c@NAT@ctr=\count118
)
("C:/Program Files/MiKTeX 2.9/tex/latex/tools/tabularx.sty"
Package: tabularx 1999/01/07 v2.07 `tabularx' package (DPC)

("C:/Program Files/MiKTeX 2.9/tex/latex/tools/array.sty"
Package: array 2008/09/09 v2.4c Tabular extension package (FMi)
\col@sep=\dimen126
\extrarowheight=\dimen127
\NC@list=\toks24
\extratabsurround=\skip49
\backup@length=\skip50
)
\TX@col@width=\dimen128
\TX@old@table=\dimen129
\TX@old@col=\dimen130
\TX@target=\dimen131
\TX@delta=\dimen132
\TX@cols=\count119
\TX@ftn=\toks25
)
("C:/Program Files/MiKTeX 2.9/tex/latex/cleveref/cleveref.sty"
Package: cleveref 2013/03/22 v0.18.9 Intelligent cross-referencing
Package cleveref Info: `hyperref' support loaded on input line 2163.
LaTeX Info: Redefining \cref on input line 2163.
LaTeX Info: Redefining \Cref on input line 2163.
LaTeX Info: Redefining \crefrange on input line 2163.
LaTeX Info: Redefining \Crefrange on input line 2163.
LaTeX Info: Redefining \cpageref on input line 2163.
LaTeX Info: Redefining \Cpageref on input line 2163.
LaTeX Info: Redefining \cpagerefrange on input line 2163.
LaTeX Info: Redefining \Cpagerefrange on input line 2163.
LaTeX Info: Redefining \labelcref on input line 2163.
LaTeX Info: Redefining \labelcpageref on input line 2163.
)
("D:/Dropbox/Master Thesis Final/Master Thesis Final git/Smart Cafeteria Report
/src/Thesis Main.aux")
LaTeX Font Info:    Checking defaults for OML/cmm/m/it on input line 89.
LaTeX Font Info:    ... okay on input line 89.
LaTeX Font Info:    Checking defaults for T1/cmr/m/n on input line 89.
LaTeX Font Info:    ... okay on input line 89.
LaTeX Font Info:    Checking defaults for OT1/cmr/m/n on input line 89.
LaTeX Font Info:    ... okay on input line 89.
LaTeX Font Info:    Checking defaults for OMS/cmsy/m/n on input line 89.
LaTeX Font Info:    ... okay on input line 89.
LaTeX Font Info:    Checking defaults for OMX/cmex/m/n on input line 89.
LaTeX Font Info:    ... okay on input line 89.
LaTeX Font Info:    Checking defaults for U/cmr/m/n on input line 89.
LaTeX Font Info:    ... okay on input line 89.
LaTeX Font Info:    Checking defaults for PD1/pdf/m/n on input line 89.
LaTeX Font Info:    ... okay on input line 89.
LaTeX Font Info:    Try loading font information for T1+lmr on input line 89.
 ("C:/Program Files/MiKTeX 2.9/tex/latex/lm/t1lmr.fd"
File: t1lmr.fd 2009/10/30 v1.6 Font defs for Latin Modern
)
\AtBeginShipoutBox=\box28

("C:/Program Files/MiKTeX 2.9/tex/latex/graphics/color.sty"
Package: color 2005/11/14 v1.0j Standard LaTeX Color (DPC)

("C:/Program Files/MiKTeX 2.9/tex/latex/00miktex/color.cfg"
File: color.cfg 2007/01/18 v1.5 color configuration of teTeX/TeXLive
)
Package color Info: Driver file: pdftex.def on input line 130.
)
Package hyperref Info: Link coloring ON on input line 89.

("C:/Program Files/MiKTeX 2.9/tex/latex/hyperref/nameref.sty"
Package: nameref 2012/10/27 v2.43 Cross-referencing by name of section

("C:/Program Files/MiKTeX 2.9/tex/generic/oberdiek/gettitlestring.sty"
Package: gettitlestring 2010/12/03 v1.4 Cleanup title references (HO)
)
\c@section@level=\count120
)
LaTeX Info: Redefining \ref on input line 89.
LaTeX Info: Redefining \pageref on input line 89.
LaTeX Info: Redefining \nameref on input line 89.

("D:/Dropbox/Master Thesis Final/Master Thesis Final git/Smart Cafeteria Report
/src/Thesis Main.out")
("D:/Dropbox/Master Thesis Final/Master Thesis Final git/Smart Cafeteria Report
/src/Thesis Main.out")
\@outlinefile=\write3

(C:/Users/Richard/AppData/Roaming/MiKTeX/2.9/tex/context/base/supp-pdf.mkii
[Loading MPS to PDF converter (version 2006.09.02).]
\scratchcounter=\count121
\scratchdimen=\dimen133
\scratchbox=\box29
\nofMPsegments=\count122
\nofMParguments=\count123
\everyMPshowfont=\toks26
\MPscratchCnt=\count124
\MPscratchDim=\dimen134
\MPnumerator=\count125
\makeMPintoPDFobject=\count126
\everyMPtoPDFconversion=\toks27
)
Package caption Info: Begin \AtBeginDocument code.
Package caption Info: End \AtBeginDocument code.

("D:/Dropbox/Master Thesis Final/Master Thesis Final git/Smart Cafeteria Report
/src/Title.tex" <Logo/ulogo.png, id=359, 730.73pt x 368.37625pt>
File: Logo/ulogo.png Graphic file (type png)

<use Logo/ulogo.png>
Package pdftex.def Info: Logo/ulogo.png used on input line 13.
(pdftex.def)             Requested size: 272.99727pt x 144.5374pt.


LaTeX Font Warning: Font shape `T1/lmr/bx/sc' undefined
(Font)              using `T1/lmr/bx/n' instead on input line 27.

LaTeX Font Info:    Try loading font information for OT1+lmr on input line 39.
("C:/Program Files/MiKTeX 2.9/tex/latex/lm/ot1lmr.fd"
File: ot1lmr.fd 2009/10/30 v1.6 Font defs for Latin Modern
)
LaTeX Font Info:    Try loading font information for OML+lmm on input line 39.

("C:/Program Files/MiKTeX 2.9/tex/latex/lm/omllmm.fd"
File: omllmm.fd 2009/10/30 v1.6 Font defs for Latin Modern
)
LaTeX Font Info:    Try loading font information for OMS+lmsy on input line 39.


("C:/Program Files/MiKTeX 2.9/tex/latex/lm/omslmsy.fd"
File: omslmsy.fd 2009/10/30 v1.6 Font defs for Latin Modern
)
LaTeX Font Info:    Try loading font information for OMX+lmex on input line 39.


("C:/Program Files/MiKTeX 2.9/tex/latex/lm/omxlmex.fd"
File: omxlmex.fd 2009/10/30 v1.6 Font defs for Latin Modern
)
LaTeX Font Info:    External font `lmex10' loaded for size
(Font)              <12> on input line 39.
LaTeX Font Info:    External font `lmex10' loaded for size
(Font)              <8> on input line 39.
LaTeX Font Info:    External font `lmex10' loaded for size
(Font)              <6> on input line 39.

Overfull \hbox (20.23589pt too wide) in paragraph at lines 31--48
[][]$[]$ $[]$ 
 []

[1

{C:/Users/Richard/AppData/Local/MiKTeX/2.9/pdftex/config/pdftex.map} <D:/Dropbo
x/Master Thesis Final/Master Thesis Final git/Smart Cafeteria Report/src/Logo/u
logo.png>])
("D:/Dropbox/Master Thesis Final/Master Thesis Final git/Smart Cafeteria Report
/src/Abstract.tex"LuaTeX warning (ext4): destination with the same identifier (
name{page.1}) has been already used, duplicate ignored
<to be read again> 
                   \relax 
l.1 \begin{abstract}
                     [1]
Underfull \hbox (badness 10000) in paragraph at lines 8--29

 []

[1])
("D:/Dropbox/Master Thesis Final/Master Thesis Final git/Smart Cafeteria Report
/src/Acknowledgement.tex" [2

])
("D:/Dropbox/Master Thesis Final/Master Thesis Final git/Smart Cafeteria Report
/src/Dedication.tex" [3

])
("D:/Dropbox/Master Thesis Final/Master Thesis Final git/Smart Cafeteria Report
/src/Thesis Main.toc" [4

] [5])
\tf@toc=\write4
 [6]
("D:/Dropbox/Master Thesis Final/Master Thesis Final git/Smart Cafeteria Report
/src/Thesis Main.lof"
Overfull \hbox (9.026pt too wide) in paragraph at lines 10--10
 \T1/lmr/m/n/12 tem Or-der Dish(mid-dle). Restau-rant Sys-tem check-out Dish(ri
ght). [][]  
 []

[7


])
\tf@lof=\write5
 [8]
("D:/Dropbox/Master Thesis Final/Master Thesis Final git/Smart Cafeteria Report
/src/Thesis Main.lot")
\tf@lot=\write6
 [9


]
("D:/Dropbox/Master Thesis Final/Master Thesis Final git/Smart Cafeteria Report
/src/Introduction.tex"
Chapter 1.
LaTeX Font Info:    External font `lmex10' loaded for size
(Font)              <10> on input line 12.
LaTeX Font Info:    External font `lmex10' loaded for size
(Font)              <7> on input line 12.
LaTeX Font Info:    External font `lmex10' loaded for size
(Font)              <5> on input line 12.
LuaTeX warning (ext4): destination with the same identifier (name{page.1}) has 
been already used, duplicate ignored
<to be read again> 
                   \relax 
l.38 
      [1

] [2] [3] [4])
("D:/Dropbox/Master Thesis Final/Master Thesis Final git/Smart Cafeteria Report
/src/Stateofart.tex" [5]
Chapter 2.
[6

]
LaTeX Font Info:    Try loading font information for OMS+lmr on input line 61.
 ("C:/Program Files/MiKTeX 2.9/tex/latex/lm/omslmr.fd"
File: omslmr.fd 2009/10/30 v1.6 Font defs for Latin Modern
)
LaTeX Font Info:    Font shape `OMS/lmr/m/n' in size <12> not available
(Font)              Font shape `OMS/lmsy/m/n' tried instead on input line 61.
 [7]
<ch2/AdaptiveApplicationArchitecture/adaptive_application_architecture.png, id=
714, 475.7775pt x 235.63031pt>
File: ch2/AdaptiveApplicationArchitecture/adaptive_application_architecture.png
 Graphic file (type png)

<use ch2/AdaptiveApplicationArchitecture/adaptive_application_architecture.png>
Package pdftex.def Info: ch2/AdaptiveApplicationArchitecture/adaptive_applicati
on_architecture.png used on input line 117.
(pdftex.def)             Requested size: 397.48499pt x 196.86386pt.

Overfull \hbox (22.1182pt too wide) in paragraph at lines 117--118
 [][][] 
 []

[8] <ch2/DisciplinesInvolvedID.png, id=725, 825.0825pt x 771.88374pt>
File: ch2/DisciplinesInvolvedID.png Graphic file (type png)

<use ch2/DisciplinesInvolvedID.png>
Package pdftex.def Info: ch2/DisciplinesInvolvedID.png used on input line 156.
(pdftex.def)             Requested size: 397.48293pt x 289.0788pt.

Overfull \hbox (7.48293pt too wide) in paragraph at lines 156--157
 [][][] 
 []

[9 <D:/Dropbox/Master Thesis Final/Master Thesis Final git/Smart Cafeteria Repo
rt/src/ch2/AdaptiveApplicationArchitecture/adaptive_application_architecture.pn
g>] [10 <D:/Dropbox/Master Thesis Final/Master Thesis Final git/Smart Cafeteria
 Report/src/ch2/DisciplinesInvolvedID.png>] [11]
<ch2/SimpleLifeCycleID.png, id=755, 1172.38pt x 849.1725pt>
File: ch2/SimpleLifeCycleID.png Graphic file (type png)

<use ch2/SimpleLifeCycleID.png>
Package pdftex.def Info: ch2/SimpleLifeCycleID.png used on input line 222.
(pdftex.def)             Requested size: 397.47691pt x 289.07764pt.

Overfull \hbox (7.47691pt too wide) in paragraph at lines 222--223
 [][][] 
 []

[12 <D:/Dropbox/Master Thesis Final/Master Thesis Final git/Smart Cafeteria Rep
ort/src/ch2/SimpleLifeCycleID.png>]
Overfull \hbox (0.80995pt too wide) in paragraph at lines 257--260
[][]\T1/lmr/bx/n/12 Map-ping and Match-ing: \T1/lmr/m/n/12 Con-trol of in-for-m
a-tion and feed-back should
 []

[13] [14]
Overfull \hbox (1.81229pt too wide) in paragraph at lines 328--332
[][]\T1/lmr/m/n/12 Gen-er-ally mo-bile ap-pli-ca-tion pro-vides the users with 
sim-i-lar ser-vices which
 []


<ch2/InteractiveMobileApplication/InteractiveMobileApplication.png, id=796, 836
.12375pt x 385.44pt>
File: ch2/InteractiveMobileApplication/InteractiveMobileApplication.png Graphic
 file (type png)

<use ch2/InteractiveMobileApplication/InteractiveMobileApplication.png>
Package pdftex.def Info: ch2/InteractiveMobileApplication/InteractiveMobileAppl
ication.png used on input line 349.
(pdftex.def)             Requested size: 397.48499pt x 183.23882pt.

Overfull \hbox (7.48499pt too wide) in paragraph at lines 349--350
 [][][] 
 []

[15] <ch2/RelatedApps/MyFitnessPal/1.jpg, id=808, 289.08pt x 513.92pt>
File: ch2/RelatedApps/MyFitnessPal/1.jpg Graphic file (type jpg)

<use ch2/RelatedApps/MyFitnessPal/1.jpg>
Package pdftex.def Info: ch2/RelatedApps/MyFitnessPal/1.jpg used on input line 
396.
(pdftex.def)             Requested size: 115.82985pt x 205.91722pt.

Overfull \hbox (1.76234pt too wide) in paragraph at lines 396--396
 [][][] 
 []

<ch2/RelatedApps/MyFitnessPal/2.jpg, id=809, 289.08pt x 513.92pt>
File: ch2/RelatedApps/MyFitnessPal/2.jpg Graphic file (type jpg)

<use ch2/RelatedApps/MyFitnessPal/2.jpg>
Package pdftex.def Info: ch2/RelatedApps/MyFitnessPal/2.jpg used on input line 
396.
(pdftex.def)             Requested size: 115.82985pt x 205.91722pt.

Overfull \hbox (1.76234pt too wide) in paragraph at lines 396--396
 [][][] 
 []

<ch2/RelatedApps/MyFitnessPal/3.jpg, id=810, 289.08pt x 513.92pt>
File: ch2/RelatedApps/MyFitnessPal/3.jpg Graphic file (type jpg)

<use ch2/RelatedApps/MyFitnessPal/3.jpg>
Package pdftex.def Info: ch2/RelatedApps/MyFitnessPal/3.jpg used on input line 
396.
(pdftex.def)             Requested size: 115.82985pt x 205.91722pt.

Overfull \hbox (1.76234pt too wide) in paragraph at lines 396--396
 [][][] 
 []


Overfull \hbox (10.73535pt too wide) in paragraph at lines 396--397
 [][][] 
 []

[16 <D:/Dropbox/Master Thesis Final/Master Thesis Final git/Smart Cafeteria Rep
ort/src/ch2/InteractiveMobileApplication/InteractiveMobileApplication.png>]
<ch2/RelatedApps/MyFoodCircle/1.jpg, id=821, 308.15125pt x 513.92pt>
File: ch2/RelatedApps/MyFoodCircle/1.jpg Graphic file (type jpg)

<use ch2/RelatedApps/MyFoodCircle/1.jpg>
Package pdftex.def Info: ch2/RelatedApps/MyFoodCircle/1.jpg used on input line 
432.
(pdftex.def)             Requested size: 115.82985pt x 193.17435pt.

Overfull \hbox (1.76234pt too wide) in paragraph at lines 432--432
 [][][] 
 []

<ch2/RelatedApps/MyFoodCircle/2.jpg, id=822, 308.15125pt x 513.92pt>
File: ch2/RelatedApps/MyFoodCircle/2.jpg Graphic file (type jpg)

<use ch2/RelatedApps/MyFoodCircle/2.jpg>
Package pdftex.def Info: ch2/RelatedApps/MyFoodCircle/2.jpg used on input line 
432.
(pdftex.def)             Requested size: 115.82985pt x 193.17435pt.

Overfull \hbox (1.76234pt too wide) in paragraph at lines 432--432
 [][][] 
 []

<ch2/RelatedApps/MyFoodCircle/3.jpg, id=823, 308.15125pt x 513.92pt>
File: ch2/RelatedApps/MyFoodCircle/3.jpg Graphic file (type jpg)

<use ch2/RelatedApps/MyFoodCircle/3.jpg>
Package pdftex.def Info: ch2/RelatedApps/MyFoodCircle/3.jpg used on input line 
432.
(pdftex.def)             Requested size: 115.82985pt x 193.17435pt.

Overfull \hbox (1.76234pt too wide) in paragraph at lines 432--432
 [][][] 
 []


Overfull \hbox (14.65196pt too wide) in paragraph at lines 432--433
 [][][] 
 []

<ch2/RelatedApps/RestaurantSystem/1.png, id=826, 321.2pt x 481.8pt>
File: ch2/RelatedApps/RestaurantSystem/1.png Graphic file (type png)

<use ch2/RelatedApps/RestaurantSystem/1.png>
Package pdftex.def Info: ch2/RelatedApps/RestaurantSystem/1.png used on input l
ine 466.
(pdftex.def)             Requested size: 115.82985pt x 173.74193pt.

Overfull \hbox (1.76234pt too wide) in paragraph at lines 466--466
 [][][] 
 []

<ch2/RelatedApps/RestaurantSystem/2.png, id=827, 321.2pt x 481.8pt>
File: ch2/RelatedApps/RestaurantSystem/2.png Graphic file (type png)

<use ch2/RelatedApps/RestaurantSystem/2.png>
Package pdftex.def Info: ch2/RelatedApps/RestaurantSystem/2.png used on input l
ine 466.
(pdftex.def)             Requested size: 115.82985pt x 173.74193pt.

Overfull \hbox (1.76234pt too wide) in paragraph at lines 466--466
 [][][] 
 []

<ch2/RelatedApps/RestaurantSystem/3.png, id=828, 321.2pt x 481.8pt>
File: ch2/RelatedApps/RestaurantSystem/3.png Graphic file (type png)

<use ch2/RelatedApps/RestaurantSystem/3.png>
Package pdftex.def Info: ch2/RelatedApps/RestaurantSystem/3.png used on input l
ine 466.
(pdftex.def)             Requested size: 115.82985pt x 173.74193pt.

Overfull \hbox (1.76234pt too wide) in paragraph at lines 466--466
 [][][] 
 []


Overfull \hbox (14.65196pt too wide) in paragraph at lines 466--467
 [][][] 
 []

)
("D:/Dropbox/Master Thesis Final/Master Thesis Final git/Smart Cafeteria Report
/src/Analysis.tex" [17 <D:/Dropbox/Master Thesis Final/Master Thesis Final git/
Smart Cafeteria Report/src/ch2/RelatedApps/MyFitnessPal/1.jpg> <D:/Dropbox/Mast
er Thesis Final/Master Thesis Final git/Smart Cafeteria Report/src/ch2/RelatedA
pps/MyFitnessPal/2.jpg> <D:/Dropbox/Master Thesis Final/Master Thesis Final git
/Smart Cafeteria Report/src/ch2/RelatedApps/MyFitnessPal/3.jpg>] [18 <D:/Dropbo
x/Master Thesis Final/Master Thesis Final git/Smart Cafeteria Report/src/ch2/Re
latedApps/MyFoodCircle/1.jpg> <D:/Dropbox/Master Thesis Final/Master Thesis Fin
al git/Smart Cafeteria Report/src/ch2/RelatedApps/MyFoodCircle/2.jpg> <D:/Dropb
ox/Master Thesis Final/Master Thesis Final git/Smart Cafeteria Report/src/ch2/R
elatedApps/MyFoodCircle/3.jpg> <D:/Dropbox/Master Thesis Final/Master Thesis Fi
nal git/Smart Cafeteria Report/src/ch2/RelatedApps/RestaurantSystem/1.png (PNG 
copy)> <D:/Dropbox/Master Thesis Final/Master Thesis Final git/Smart Cafeteria 
Report/src/ch2/RelatedApps/RestaurantSystem/2.png (PNG copy)> <D:/Dropbox/Maste
r Thesis Final/Master Thesis Final git/Smart Cafeteria Report/src/ch2/RelatedAp
ps/RestaurantSystem/3.png (PNG copy)>]
Chapter 3.
[19

] [20] [21] [22] [23] [24]
Overfull \hbox (0.88287pt too wide) in paragraph at lines 307--309
[][]\T1/lmr/m/n/12 The com-mu-ni-ca-tion be-tween the ap-pli-ca-tion server and
 client must
 []

[25] <ch3/AppendixMenu/differentmenu.png, id=950, 1152.55594pt x 319.1925pt>
File: ch3/AppendixMenu/differentmenu.png Graphic file (type png)

<use ch3/AppendixMenu/differentmenu.png>
Package pdftex.def Info: ch3/AppendixMenu/differentmenu.png used on input line 
356.
(pdftex.def)             Requested size: 397.49153pt x 144.5412pt.

Overfull \hbox (7.49153pt too wide) in paragraph at lines 356--357
 [][][] 
 []

[26 <D:/Dropbox/Master Thesis Final/Master Thesis Final git/Smart Cafeteria Rep
ort/src/ch3/AppendixMenu/differentmenu.png>]
Underfull \hbox (badness 10000) in paragraph at lines 370--375

 []

[27]
Underfull \hbox (badness 10000) in paragraph at lines 421--421
[][]|\T1/lmr/m/n/12 Smart Cafe-te-
 []


Underfull \hbox (badness 10000) in paragraph at lines 421--421
\T1/lmr/m/n/12 ria Func-tional
 []


Underfull \hbox (badness 1527) in paragraph at lines 421--422
[][]|\T1/lmr/m/n/12 We dis-cussed all func-
 []


Underfull \hbox (badness 4328) in paragraph at lines 422--424
\T1/lmr/m/n/12 func-tional re-quire-ments
 []


Underfull \hbox (badness 2717) in paragraph at lines 426--426
\T1/lmr/m/n/12 Non Func-tional
 []


Underfull \hbox (badness 2503) in paragraph at lines 426--427
[][]|\T1/lmr/m/n/12 We have dis-cussed all
 []


Underfull \hbox (badness 1946) in paragraph at lines 426--427
\T1/lmr/m/n/12 non func-tional re-quire-
 []


Underfull \hbox (badness 7047) in paragraph at lines 426--427
\T1/lmr/m/n/12 ments from IEEE-Std
 []


Underfull \hbox (badness 6078) in paragraph at lines 427--428
\T1/lmr/m/n/12 iza-tion, Us-abil-ity and
 []


Underfull \hbox (badness 5446) in paragraph at lines 430--430
\T1/lmr/m/n/12 in mo-bile and
 []


Underfull \hbox (badness 1365) in paragraph at lines 430--432
\T1/lmr/m/n/12 sup-port in mo-bile and
 []


Underfull \hbox (badness 4556) in paragraph at lines 435--437
\T1/lmr/m/n/12 ob-serve user be-hav-ior,
 []


Underfull \hbox (badness 2285) in paragraph at lines 437--439
\T1/lmr/m/n/12 ria mo-bile ap-pli-ca-tions
 []

[28] <ch3/FocusGroup/QRBARCODE.png, id=983, 811.03pt x 571.13374pt>
File: ch3/FocusGroup/QRBARCODE.png Graphic file (type png)

<use ch3/FocusGroup/QRBARCODE.png>
Package pdftex.def Info: ch3/FocusGroup/QRBARCODE.png used on input line 453.
(pdftex.def)             Requested size: 397.48499pt x 279.91899pt.

Overfull \hbox (7.48499pt too wide) in paragraph at lines 453--454
 [][][] 
 []

[29 <D:/Dropbox/Master Thesis Final/Master Thesis Final git/Smart Cafeteria Rep
ort/src/ch3/FocusGroup/QRBARCODE.png>]
Overfull \hbox (3.2594pt too wide) in paragraph at lines 486--514
 [][][] 
 []

[30] [31] [32]
<ch3/UseCase/SystemUser.png, id=1014, 1455.4375pt x 996.72375pt>
File: ch3/UseCase/SystemUser.png Graphic file (type png)

<use ch3/UseCase/SystemUser.png>
Package pdftex.def Info: ch3/UseCase/SystemUser.png used on input line 580.
(pdftex.def)             Requested size: 578.15999pt x 395.94487pt.

Overfull \hbox (0.7932pt too wide) in paragraph at lines 580--581
 [][][] 
 []


LaTeX Warning: Float too large for page by 37.24484pt on input line 583.

[33 <D:/Dropbox/Master Thesis Final/Master Thesis Final git/Smart Cafeteria Rep
ort/src/ch3/UseCase/SystemUser.png>] [34


]
<ch3/UseCase/SystemAdministrator.png, id=1023, 1358.07375pt x 803.0pt>
File: ch3/UseCase/SystemAdministrator.png Graphic file (type png)

<use ch3/UseCase/SystemAdministrator.png>
Package pdftex.def Info: ch3/UseCase/SystemAdministrator.png used on input line
 602.
(pdftex.def)             Requested size: 650.43pt x 384.57793pt.

Overfull \hbox (58.43pt too wide) in paragraph at lines 602--603
 [][][] 
 []


LaTeX Warning: Float too large for page by 19.07791pt on input line 605.

[35 <D:/Dropbox/Master Thesis Final/Master Thesis Final git/Smart Cafeteria Rep
ort/src/ch3/UseCase/SystemAdministrator.png>]
<ch3/UseCase/SystemApplication.png, id=1029, 1147.28625pt x 750.805pt>
File: ch3/UseCase/SystemApplication.png Graphic file (type png)

<use ch3/UseCase/SystemApplication.png>
Package pdftex.def Info: ch3/UseCase/SystemApplication.png used on input line 6
19.
(pdftex.def)             Requested size: 397.48499pt x 260.11635pt.

Overfull \hbox (7.48499pt too wide) in paragraph at lines 619--620
 [][][] 
 []

<ch3/UseCase/PosTerminal.png, id=1030, 1147.28625pt x 565.11125pt>
File: ch3/UseCase/PosTerminal.png Graphic file (type png)

<use ch3/UseCase/PosTerminal.png>
Package pdftex.def Info: ch3/UseCase/PosTerminal.png used on input line 632.
(pdftex.def)             Requested size: 397.48499pt x 195.78276pt.

Overfull \hbox (7.48499pt too wide) in paragraph at lines 632--633
 [][][] 
 []

[36


 <D:/Dropbox/Master Thesis Final/Master Thesis Final git/Smart Cafeteria Report
/src/ch3/UseCase/SystemApplication.png>] [37 <D:/Dropbox/Master Thesis Final/Ma
ster Thesis Final git/Smart Cafeteria Report/src/ch3/UseCase/PosTerminal.png>] 
<ch3/ClassDiagram/Class.jpg, id=1045, 1210.5225pt x 708.6475pt>
File: ch3/ClassDiagram/Class.jpg Graphic file (type jpg)

<use ch3/ClassDiagram/Class.jpg>
Package pdftex.def Info: ch3/ClassDiagram/Class.jpg used on input line 652.
(pdftex.def)             Requested size: 650.43pt x 380.77167pt.

Overfull \hbox (58.43pt too wide) in paragraph at lines 652--653
 [][][] 
 []


LaTeX Warning: Float too large for page by 15.27165pt on input line 655.

[38 <D:/Dropbox/Master Thesis Final/Master Thesis Final git/Smart Cafeteria Rep
ort/src/ch3/ClassDiagram/Class.jpg>]
Overfull \hbox (5.71529pt too wide) in paragraph at lines 683--688
\T1/lmr/m/n/12 dated at-tributes. This class con-tains AddFood-Item, Ed-it-Food
-Item and Delete-
 []


Overfull \hbox (22.77118pt too wide) in paragraph at lines 703--706
\T1/lmr/m/n/12 Food-MenuID, cre-taed and up-dated prop-er-ties and SaveCom-ment
 and DeleteCom-
 []

[39


]
Overfull \hbox (12.22673pt too wide) in paragraph at lines 712--715
[][]\T1/lmr/bx/n/12 Sub-scrip-tion: \T1/lmr/m/n/12 The class Sub-scrip-tion con
-tains ID, Sub-scrip-tionID, UserID,
 []


Overfull \hbox (2.91235pt too wide) in paragraph at lines 716--720
[][]\T1/lmr/bx/n/12 Ac-tiv-ity: \T1/lmr/m/n/12 The class Ac-tiv-ity has Ac-tiv-
i-tyID, Ac-tiv-i-ty-De-scrip-tion, UserID,
 []


Overfull \hbox (8.38487pt too wide) in paragraph at lines 722--727
[][]\T1/lmr/bx/n/12 Cafe-te-riaBranch: \T1/lmr/m/n/12 The class Cafe-te-riaBran
ch con-tains BranchID, Branch-
 []


Overfull \hbox (30.8013pt too wide) in paragraph at lines 722--727
\T1/lmr/m/n/12 class Cafe-te-riabranch is as-so-ci-ated with In-voice, Ac-tiv-i
ty and Cafe-te-riaBranchShed-
 []

[40] [41]
<ch3/ActivityDiagram/SystemUser.jpg, id=1072, 1240.635pt x 638.385pt>
File: ch3/ActivityDiagram/SystemUser.jpg Graphic file (type jpg)

<use ch3/ActivityDiagram/SystemUser.jpg>
Package pdftex.def Info: ch3/ActivityDiagram/SystemUser.jpg used on input line 
765.
(pdftex.def)             Requested size: 578.15767pt x 361.35057pt.
 [42 <D:/Dropbox/Master Thesis Final/Master Thesis Final git/Smart Cafeteria Re
port/src/ch3/ActivityDiagram/SystemUser.jpg>] <ch3/ActivityDiagram/SysAdmin.jpg
, id=1078, 809.0225pt x 608.2725pt>
File: ch3/ActivityDiagram/SysAdmin.jpg Graphic file (type jpg)

<use ch3/ActivityDiagram/SysAdmin.jpg>
Package pdftex.def Info: ch3/ActivityDiagram/SysAdmin.jpg used on input line 78
3.
(pdftex.def)             Requested size: 397.48499pt x 298.85434pt.

Overfull \hbox (7.48499pt too wide) in paragraph at lines 783--784
 [][][] 
 []

<ch3/ActivityDiagram/SysApp.jpg, id=1080, 745.78625pt x 422.57875pt>
File: ch3/ActivityDiagram/SysApp.jpg Graphic file (type jpg)

<use ch3/ActivityDiagram/SysApp.jpg>
Package pdftex.def Info: ch3/ActivityDiagram/SysApp.jpg used on input line 796.

(pdftex.def)             Requested size: 397.48499pt x 225.22302pt.

Overfull \hbox (7.48499pt too wide) in paragraph at lines 796--797
 [][][] 
 []

[43


 <D:/Dropbox/Master Thesis Final/Master Thesis Final git/Smart Cafeteria Report
/src/ch3/ActivityDiagram/SysAdmin.jpg>]
<ch3/ActivityDiagram/POS.jpg, id=1087, 618.31pt x 367.3725pt>
File: ch3/ActivityDiagram/POS.jpg Graphic file (type jpg)

<use ch3/ActivityDiagram/POS.jpg>
Package pdftex.def Info: ch3/ActivityDiagram/POS.jpg used on input line 809.
(pdftex.def)             Requested size: 397.48499pt x 236.17705pt.

Overfull \hbox (7.48499pt too wide) in paragraph at lines 809--810
 [][][] 
 []

)
("D:/Dropbox/Master Thesis Final/Master Thesis Final git/Smart Cafeteria Report
/src/Design.tex" [44 <D:/Dropbox/Master Thesis Final/Master Thesis Final git/Sm
art Cafeteria Report/src/ch3/ActivityDiagram/SysApp.jpg>] [45 <D:/Dropbox/Maste
r Thesis Final/Master Thesis Final git/Smart Cafeteria Report/src/ch3/ActivityD
iagram/POS.jpg>]
Chapter 4.
<ch4/SOA/ConceptualArchitecture.png, id=1107, 1340.00626pt x 488.82625pt>
File: ch4/SOA/ConceptualArchitecture.png Graphic file (type png)

<use ch4/SOA/ConceptualArchitecture.png>
Package pdftex.def Info: ch4/SOA/ConceptualArchitecture.png used on input line 
35.
(pdftex.def)             Requested size: 397.48499pt x 144.99313pt.

Overfull \hbox (7.48499pt too wide) in paragraph at lines 35--36
 [][][] 
 []

<ch4/SOA/ConceptualArchitecture_new.png, id=1108, 1202.4925pt x 1099.10625pt>
File: ch4/SOA/ConceptualArchitecture_new.png Graphic file (type png)

<use ch4/SOA/ConceptualArchitecture_new.png>
Package pdftex.def Info: ch4/SOA/ConceptualArchitecture_new.png used on input l
ine 42.
(pdftex.def)             Requested size: 397.4843pt x 361.34773pt.

Overfull \hbox (7.4843pt too wide) in paragraph at lines 42--43
 [][][] 
 []

[46

]

LaTeX Warning: Text page 47 contains only floats.

[47 <D:/Dropbox/Master Thesis Final/Master Thesis Final git/Smart Cafeteria Rep
ort/src/ch4/SOA/ConceptualArchitecture.png> <D:/Dropbox/Master Thesis Final/Mas
ter Thesis Final git/Smart Cafeteria Report/src/ch4/SOA/ConceptualArchitecture_
new.png>]
Overfull \hbox (12.63936pt too wide) in paragraph at lines 85--90
\T1/lmr/m/n/12 Ap-plets, Flash, Flex, Sil-verlight, iOS ap-pli-ca-tion, An-droi
d Ap-pli-ca-tion, HTML5
 []

<ch4/SOA/SOAArchitecture.png, id=1128, 1336.995pt x 454.69875pt>
File: ch4/SOA/SOAArchitecture.png Graphic file (type png)

<use ch4/SOA/SOAArchitecture.png>
Package pdftex.def Info: ch4/SOA/SOAArchitecture.png used on input line 96.
(pdftex.def)             Requested size: 397.48499pt x 135.18262pt.

Overfull \hbox (7.48499pt too wide) in paragraph at lines 96--97
 [][][] 
 []

[48] [49 <D:/Dropbox/Master Thesis Final/Master Thesis Final git/Smart Cafeteri
a Report/src/ch4/SOA/SOAArchitecture.png>]
<ch4/Prototype/Laptop/index.jpg, id=1165, 1501.61pt x 866.23625pt>
File: ch4/Prototype/Laptop/index.jpg Graphic file (type jpg)

<use ch4/Prototype/Laptop/index.jpg>
Package pdftex.def Info: ch4/Prototype/Laptop/index.jpg used on input line 186.

(pdftex.def)             Requested size: 397.48499pt x 229.28716pt.

Overfull \hbox (22.1182pt too wide) in paragraph at lines 186--187
 [][][] 
 []

[50] <ch4/Prototype/Laptop/dashboard.jpg, id=1180, 1496.59125pt x 863.225pt>
File: ch4/Prototype/Laptop/dashboard.jpg Graphic file (type jpg)

<use ch4/Prototype/Laptop/dashboard.jpg>
Package pdftex.def Info: ch4/Prototype/Laptop/dashboard.jpg used on input line 
208.
(pdftex.def)             Requested size: 397.48541pt x 245.70555pt.

Overfull \hbox (22.11862pt too wide) in paragraph at lines 208--209
 [][][] 
 []


<ch4/Prototype/Laptop/foodmenusuggestion.jpg, id=1181, 1483.5425pt x 869.2475pt
>
File: ch4/Prototype/Laptop/foodmenusuggestion.jpg Graphic file (type jpg)
 <use ch4/Prototype/Laptop/foodmenusuggestion.jpg>
Package pdftex.def Info: ch4/Prototype/Laptop/foodmenusuggestion.jpg used on in
put line 217.
(pdftex.def)             Requested size: 397.4832pt x 245.70877pt.

Overfull \hbox (22.11641pt too wide) in paragraph at lines 217--218
 [][][] 
 []

[51 <D:/Dropbox/Master Thesis Final/Master Thesis Final git/Smart Cafeteria Rep
ort/src/ch4/Prototype/Laptop/index.jpg>]

LaTeX Warning: Text page 52 contains only floats.

[52 <D:/Dropbox/Master Thesis Final/Master Thesis Final git/Smart Cafeteria Rep
ort/src/ch4/Prototype/Laptop/dashboard.jpg> <D:/Dropbox/Master Thesis Final/Mas
ter Thesis Final git/Smart Cafeteria Report/src/ch4/Prototype/Laptop/foodmenusu
ggestion.jpg>]
<ch4/Prototype/Mobile/mobile-installed.png, id=1195, 481.8pt x 803.0pt>
File: ch4/Prototype/Mobile/mobile-installed.png Graphic file (type png)

<use ch4/Prototype/Mobile/mobile-installed.png>
Package pdftex.def Info: ch4/Prototype/Mobile/mobile-installed.png used on inpu
t line 255.
(pdftex.def)             Requested size: 175.49881pt x 292.4983pt.

<ch4/Prototype/Mobile/mobile-index.png, id=1196, 481.8pt x 803.0pt>
File: ch4/Prototype/Mobile/mobile-index.png Graphic file (type png)

<use ch4/Prototype/Mobile/mobile-index.png>
Package pdftex.def Info: ch4/Prototype/Mobile/mobile-index.png used on input li
ne 255.
(pdftex.def)             Requested size: 175.49881pt x 292.4983pt.

Overfull \hbox (14.63321pt too wide) in paragraph at lines 255--256
 [][][] 
 []

[53 <D:/Dropbox/Master Thesis Final/Master Thesis Final git/Smart Cafeteria Rep
ort/src/ch4/Prototype/Mobile/mobile-installed.png> <D:/Dropbox/Master Thesis Fi
nal/Master Thesis Final git/Smart Cafeteria Report/src/ch4/Prototype/Mobile/mob
ile-index.png>]
<ch4/Prototype/Mobile/mobile-registration-step1.png, id=1205, 481.8pt x 803.0pt
>
File: ch4/Prototype/Mobile/mobile-registration-step1.png Graphic file (type png
)
 <use ch4/Prototype/Mobile/mobile-registration-step1.png>
Package pdftex.def Info: ch4/Prototype/Mobile/mobile-registration-step1.png use
d on input line 284.
(pdftex.def)             Requested size: 175.49881pt x 292.4983pt.

<ch4/Prototype/Mobile/mobile-registration-step2.png, id=1206, 481.8pt x 803.0pt
>
File: ch4/Prototype/Mobile/mobile-registration-step2.png Graphic file (type png
)
 <use ch4/Prototype/Mobile/mobile-registration-step2.png>
Package pdftex.def Info: ch4/Prototype/Mobile/mobile-registration-step2.png use
d on input line 284.
(pdftex.def)             Requested size: 175.49881pt x 292.4983pt.

Overfull \hbox (14.63321pt too wide) in paragraph at lines 284--285
 [][][] 
 []

<ch4/Prototype/Mobile/login.png, id=1209, 481.8pt x 803.0pt>
File: ch4/Prototype/Mobile/login.png Graphic file (type png)

<use ch4/Prototype/Mobile/login.png>
Package pdftex.def Info: ch4/Prototype/Mobile/login.png used on input line 315.

(pdftex.def)             Requested size: 175.49881pt x 292.4983pt.

<ch4/Prototype/Mobile/forgotpassword.png, id=1210, 481.8pt x 803.0pt>
File: ch4/Prototype/Mobile/forgotpassword.png Graphic file (type png)

<use ch4/Prototype/Mobile/forgotpassword.png>
Package pdftex.def Info: ch4/Prototype/Mobile/forgotpassword.png used on input 
line 315.
(pdftex.def)             Requested size: 175.49881pt x 292.4983pt.

Overfull \hbox (14.63321pt too wide) in paragraph at lines 315--316
 [][][] 
 []


LaTeX Warning: `h' float specifier changed to `ht'.

[54 <D:/Dropbox/Master Thesis Final/Master Thesis Final git/Smart Cafeteria Rep
ort/src/ch4/Prototype/Mobile/mobile-registration-step1.png> <D:/Dropbox/Master 
Thesis Final/Master Thesis Final git/Smart Cafeteria Report/src/ch4/Prototype/M
obile/mobile-registration-step2.png>]
<ch4/Prototype/Mobile/report.png, id=1218, 481.8pt x 803.0pt>
File: ch4/Prototype/Mobile/report.png Graphic file (type png)

<use ch4/Prototype/Mobile/report.png>
Package pdftex.def Info: ch4/Prototype/Mobile/report.png used on input line 344
.
(pdftex.def)             Requested size: 175.49881pt x 292.4983pt.

<ch4/Prototype/Mobile/suggestion.png, id=1219, 481.8pt x 803.0pt>
File: ch4/Prototype/Mobile/suggestion.png Graphic file (type png)

<use ch4/Prototype/Mobile/suggestion.png>
Package pdftex.def Info: ch4/Prototype/Mobile/suggestion.png used on input line
 344.
(pdftex.def)             Requested size: 175.49881pt x 292.4983pt.

Overfull \hbox (14.63321pt too wide) in paragraph at lines 344--345
 [][][] 
 []


LaTeX Warning: `h' float specifier changed to `ht'.

[55 <D:/Dropbox/Master Thesis Final/Master Thesis Final git/Smart Cafeteria Rep
ort/src/ch4/Prototype/Mobile/login.png> <D:/Dropbox/Master Thesis Final/Master 
Thesis Final git/Smart Cafeteria Report/src/ch4/Prototype/Mobile/forgotpassword
.png>] <ch4/Prototype/Mobile/following.png, id=1227, 481.8pt x 803.0pt>
File: ch4/Prototype/Mobile/following.png Graphic file (type png)

<use ch4/Prototype/Mobile/following.png>
Package pdftex.def Info: ch4/Prototype/Mobile/following.png used on input line 
374.
(pdftex.def)             Requested size: 175.49881pt x 292.4983pt.

<ch4/Prototype/Mobile/friendsactivity.png, id=1228, 481.8pt x 803.0pt>
File: ch4/Prototype/Mobile/friendsactivity.png Graphic file (type png)

<use ch4/Prototype/Mobile/friendsactivity.png>
Package pdftex.def Info: ch4/Prototype/Mobile/friendsactivity.png used on input
 line 374.
(pdftex.def)             Requested size: 175.49881pt x 292.4983pt.

Overfull \hbox (14.63321pt too wide) in paragraph at lines 374--375
 [][][] 
 []


LaTeX Warning: `h' float specifier changed to `ht'.

[56 <D:/Dropbox/Master Thesis Final/Master Thesis Final git/Smart Cafeteria Rep
ort/src/ch4/Prototype/Mobile/report.png> <D:/Dropbox/Master Thesis Final/Master
 Thesis Final git/Smart Cafeteria Report/src/ch4/Prototype/Mobile/suggestion.pn
g>] [57 <D:/Dropbox/Master Thesis Final/Master Thesis Final git/Smart Cafeteria
 Report/src/ch4/Prototype/Mobile/following.png> <D:/Dropbox/Master Thesis Final
/Master Thesis Final git/Smart Cafeteria Report/src/ch4/Prototype/Mobile/friend
sactivity.png>])
("D:/Dropbox/Master Thesis Final/Master Thesis Final git/Smart Cafeteria Report
/src/Evaluation.tex" [58]
Chapter 5.
[59

] [60] [61]
<ch5/Interview/EvaluationResult/PerformLogin.jpg, id=1280, 484.81125pt x 292.09
125pt>
File: ch5/Interview/EvaluationResult/PerformLogin.jpg Graphic file (type jpg)
 <use ch5/Interview/EvaluationResult/PerformLogin.jpg>
Package pdftex.def Info: ch5/Interview/EvaluationResult/PerformLogin.jpg used o
n input line 145.
(pdftex.def)             Requested size: 175.49881pt x 105.73662pt.

<ch5/Interview/EvaluationResult/SearchFoodMenu.jpg, id=1281, 484.81125pt x 292.
09125pt>
File: ch5/Interview/EvaluationResult/SearchFoodMenu.jpg Graphic file (type jpg)

 <use ch5/Interview/EvaluationResult/SearchFoodMenu.jpg>
Package pdftex.def Info: ch5/Interview/EvaluationResult/SearchFoodMenu.jpg used
 on input line 149.
(pdftex.def)             Requested size: 175.49881pt x 105.73662pt.

<ch5/Interview/EvaluationResult/CreateAFoodMenu.jpg, id=1283, 484.81125pt x 292
.09125pt>
File: ch5/Interview/EvaluationResult/CreateAFoodMenu.jpg Graphic file (type jpg
)
 <use ch5/Interview/EvaluationResult/CreateAFoodMenu.jpg>
Package pdftex.def Info: ch5/Interview/EvaluationResult/CreateAFoodMenu.jpg use
d on input line 166.
(pdftex.def)             Requested size: 175.49881pt x 105.73662pt.

<ch5/Interview/EvaluationResult/SearchFriends.jpg, id=1284, 484.81125pt x 292.0
9125pt>
File: ch5/Interview/EvaluationResult/SearchFriends.jpg Graphic file (type jpg)
 <use ch5/Interview/EvaluationResult/SearchFriends.jpg>
Package pdftex.def Info: ch5/Interview/EvaluationResult/SearchFriends.jpg used 
on input line 170.
(pdftex.def)             Requested size: 175.49881pt x 105.73662pt.

<ch5/Interview/EvaluationResult/CheckYourDietReport.jpg, id=1287, 484.81125pt x
 292.09125pt>
File: ch5/Interview/EvaluationResult/CheckYourDietReport.jpg Graphic file (type
 jpg)
 <use ch5/Interview/EvaluationResult/CheckYourDietReport.jpg>
Package pdftex.def Info: ch5/Interview/EvaluationResult/CheckYourDietReport.jpg
 used on input line 189.
(pdftex.def)             Requested size: 175.49881pt x 105.73662pt.

<ch5/Interview/EvaluationResult/CheckFollowers.jpg, id=1288, 484.81125pt x 292.
09125pt>
File: ch5/Interview/EvaluationResult/CheckFollowers.jpg Graphic file (type jpg)

 <use ch5/Interview/EvaluationResult/CheckFollowers.jpg>
Package pdftex.def Info: ch5/Interview/EvaluationResult/CheckFollowers.jpg used
 on input line 193.
(pdftex.def)             Requested size: 175.49881pt x 105.73662pt.

<ch5/Interview/EvaluationResult/CheckTimeSchedule.jpg, id=1291, 484.81125pt x 2
92.09125pt>
File: ch5/Interview/EvaluationResult/CheckTimeSchedule.jpg Graphic file (type j
pg)
 <use ch5/Interview/EvaluationResult/CheckTimeSchedule.jpg>
Package pdftex.def Info: ch5/Interview/EvaluationResult/CheckTimeSchedule.jpg u
sed on input line 207.
(pdftex.def)             Requested size: 175.49881pt x 105.73662pt.

<ch5/Interview/EvaluationResult/CheckwhoareFollowingyou.jpg, id=1292, 484.81125
pt x 292.09125pt>
File: ch5/Interview/EvaluationResult/CheckwhoareFollowingyou.jpg Graphic file (
type jpg)

<use ch5/Interview/EvaluationResult/CheckwhoareFollowingyou.jpg>
Package pdftex.def Info: ch5/Interview/EvaluationResult/CheckwhoareFollowingyou
.jpg used on input line 211.
(pdftex.def)             Requested size: 175.49881pt x 105.73662pt.
 [62 <D:/Dropbox/Master Thesis Final/Master Thesis Final git/Smart Cafeteria Re
port/src/ch5/Interview/EvaluationResult/PerformLogin.jpg> <D:/Dropbox/Master Th
esis Final/Master Thesis Final git/Smart Cafeteria Report/src/ch5/Interview/Eva
luationResult/SearchFoodMenu.jpg>] [63 <D:/Dropbox/Master Thesis Final/Master T
hesis Final git/Smart Cafeteria Report/src/ch5/Interview/EvaluationResult/Creat
eAFoodMenu.jpg> <D:/Dropbox/Master Thesis Final/Master Thesis Final git/Smart C
afeteria Report/src/ch5/Interview/EvaluationResult/SearchFriends.jpg> <D:/Dropb
ox/Master Thesis Final/Master Thesis Final git/Smart Cafeteria Report/src/ch5/I
nterview/EvaluationResult/CheckYourDietReport.jpg> <D:/Dropbox/Master Thesis Fi
nal/Master Thesis Final git/Smart Cafeteria Report/src/ch5/Interview/Evaluation
Result/CheckFollowers.jpg> <D:/Dropbox/Master Thesis Final/Master Thesis Final 
git/Smart Cafeteria Report/src/ch5/Interview/EvaluationResult/CheckTimeSchedule
.jpg> <D:/Dropbox/Master Thesis Final/Master Thesis Final git/Smart Cafeteria R
eport/src/ch5/Interview/EvaluationResult/CheckwhoareFollowingyou.jpg>]
<ch5/Interview/EvaluationResult/CheckFriend'sActivities.jpg, id=1305, 484.81125
pt x 292.09125pt>
File: ch5/Interview/EvaluationResult/CheckFriend'sActivities.jpg Graphic file (
type jpg)

<use ch5/Interview/EvaluationResult/CheckFriend'sActivities.jpg>
Package pdftex.def Info: ch5/Interview/EvaluationResult/CheckFriend'sActivities
.jpg used on input line 225.
(pdftex.def)             Requested size: 175.49881pt x 105.73662pt.

<ch5/Interview/EvaluationResult/ComparisonofTaskPerformance.jpg, id=1307, 991.7
05pt x 578.16pt>
File: ch5/Interview/EvaluationResult/ComparisonofTaskPerformance.jpg Graphic fi
le (type jpg)

<use ch5/Interview/EvaluationResult/ComparisonofTaskPerformance.jpg>
Package pdftex.def Info: ch5/Interview/EvaluationResult/ComparisonofTaskPerform
ance.jpg used on input line 240.
(pdftex.def)             Requested size: 397.47697pt x 252.94437pt.

Overfull \hbox (7.47697pt too wide) in paragraph at lines 240--241
 [][][] 
 []

[64 <D:/Dropbox/Master Thesis Final/Master Thesis Final git/Smart Cafeteria Rep
ort/src/ch5/Interview/EvaluationResult/CheckFriend'sActivities.jpg> <D:/Dropbox
/Master Thesis Final/Master Thesis Final git/Smart Cafeteria Report/src/ch5/Int
erview/EvaluationResult/ComparisonofTaskPerformance.jpg>]
Overfull \hbox (3.2594pt too wide) in paragraph at lines 297--305
 [][][] 
 []


Overfull \hbox (3.2594pt too wide) in paragraph at lines 326--334
 [][][] 
 []

[65]
Overfull \hbox (3.2594pt too wide) in paragraph at lines 353--359
 [][][] 
 []

[66]
Overfull \hbox (3.2594pt too wide) in paragraph at lines 376--384
 [][][] 
 []


<ch5/Interview/EvaluationResult/UsabilityEvaluationGraphDesktop.jpg, id=1342, 7
54.82pt x 467.7475pt>
File: ch5/Interview/EvaluationResult/UsabilityEvaluationGraphDesktop.jpg Graphi
c file (type jpg)

<use ch5/Interview/EvaluationResult/UsabilityEvaluationGraphDesktop.jpg>
Package pdftex.def Info: ch5/Interview/EvaluationResult/UsabilityEvaluationGrap
hDesktop.jpg used on input line 411.
(pdftex.def)             Requested size: 397.48428pt x 252.951pt.

Overfull \hbox (7.48428pt too wide) in paragraph at lines 411--412
 [][][] 
 []

[67]
Overfull \hbox (3.2594pt too wide) in paragraph at lines 433--441
 [][][] 
 []


Overfull \hbox (3.2594pt too wide) in paragraph at lines 455--463
 [][][] 
 []


Overfull \hbox (3.2594pt too wide) in paragraph at lines 476--482
 [][][] 
 []

[68 <D:/Dropbox/Master Thesis Final/Master Thesis Final git/Smart Cafeteria Rep
ort/src/ch5/Interview/EvaluationResult/UsabilityEvaluationGraphDesktop.jpg>]
Overfull \hbox (3.2594pt too wide) in paragraph at lines 493--501
 [][][] 
 []

[69]
<ch5/Interview/EvaluationResult/UsabilityEvaluationGraphMobile.jpg, id=1371, 81
9.06pt x 476.78125pt>
File: ch5/Interview/EvaluationResult/UsabilityEvaluationGraphMobile.jpg Graphic
 file (type jpg)

<use ch5/Interview/EvaluationResult/UsabilityEvaluationGraphMobile.jpg>
Package pdftex.def Info: ch5/Interview/EvaluationResult/UsabilityEvaluationGrap
hMobile.jpg used on input line 522.
(pdftex.def)             Requested size: 397.49358pt x 252.94748pt.

Overfull \hbox (7.49358pt too wide) in paragraph at lines 522--523
 [][][] 
 []

[70 <D:/Dropbox/Master Thesis Final/Master Thesis Final git/Smart Cafeteria Rep
ort/src/ch5/Interview/EvaluationResult/UsabilityEvaluationGraphMobile.jpg>])
("D:/Dropbox/Master Thesis Final/Master Thesis Final git/Smart Cafeteria Report
/src/Conclusion.tex" [71]
Chapter 6.
[72

]) [73]
("D:/Dropbox/Master Thesis Final/Master Thesis Final git/Smart Cafeteria Report
/src/Thesis Main.bbl"
Underfull \hbox (badness 1127) in paragraph at lines 39--43
[][]\T1/lmr/m/n/12 ``The es-sen-tials of a healthy diet,'' [][]$http : / / www 
. studenthealth . gov .
 []

[74


]
Underfull \hbox (badness 1910) in paragraph at lines 85--88
[][]\T1/lmr/m/n/12 E. Bar-nett, ``An av-er-age of 701 apps launched ev-ery day 
last
 []


Underfull \hbox (badness 10000) in paragraph at lines 85--88
\T1/lmr/m/n/12 year,'' [][]$http : / / www . telegraph . co . uk / technology /
 apple / 9084454 /
 []


Underfull \hbox (badness 10000) in paragraph at lines 85--88
\T1/lmr/m/n/12 An-[]average-[]of-[]701-[]apps-[]launched-[]every-[]day-[]last-[
]year . html$[][], 16 Feb
 []


Underfull \hbox (badness 4072) in paragraph at lines 90--93
[][]\T1/lmr/m/n/12 S. Freier-man, ``One mil-lion mo-bile apps, and count-ing at
 a
 []


Underfull \hbox (badness 10000) in paragraph at lines 90--93
\T1/lmr/m/n/12 fast pace,'' [][]$http : / / www . nytimes . com / 2011 / 12 / 1
2 / technology /
 []


Underfull \hbox (badness 3240) in paragraph at lines 90--93
\T1/lmr/m/n/12 one-[]million-[]apps-[]and-[]counting . html$[][], De-cem-ber 11
, 2011, [On-line;
 []


Underfull \hbox (badness 2334) in paragraph at lines 95--98
\T1/lmr/m/n/12 store / apps / details ? id = com . multipie . slimcircle$[][], 
Septem-ber 21, 2012,
 []

[75]
Underfull \hbox (badness 1924) in paragraph at lines 137--140
\T1/lmr/m/n/12 operauni . tn . it / cms-[]01 . 00 / articolo . asp ? IDcms = 52
7&s = 26&l = IT$[][], April
 []

[76])
("D:/Dropbox/Master Thesis Final/Master Thesis Final git/Smart Cafeteria Report
/src/Appendix.tex" [77]
Appendix A.
File: ch3/AppendixMenu/differentmenu.png Graphic file (type png)
<use ch3/AppendixMenu/differentmenu.png>
Package pdftex.def Info: ch3/AppendixMenu/differentmenu.png used on input line 
7.
(pdftex.def)             Requested size: 397.49153pt x 144.5412pt.

Overfull \hbox (7.49153pt too wide) in paragraph at lines 7--8
 [][][] 
 []

[78

] <ch3/AppendixMenu/timeschedule.png, id=1458, 720.44156pt x 251.43938pt>
File: ch3/AppendixMenu/timeschedule.png Graphic file (type png)

<use ch3/AppendixMenu/timeschedule.png>
Package pdftex.def Info: ch3/AppendixMenu/timeschedule.png used on input line 1
3.
(pdftex.def)             Requested size: 397.4753pt x 289.08012pt.

Overfull \hbox (7.4753pt too wide) in paragraph at lines 13--14
 [][][] 
 []

[79 <D:/Dropbox/Master Thesis Final/Master Thesis Final git/Smart Cafeteria Rep
ort/src/ch3/AppendixMenu/timeschedule.png>]
<ch3/AppendixMenu/Weeklylunchmenu.png, id=1463, 1015.54407pt x 509.65407pt>
File: ch3/AppendixMenu/Weeklylunchmenu.png Graphic file (type png)

<use ch3/AppendixMenu/Weeklylunchmenu.png>
Package pdftex.def Info: ch3/AppendixMenu/Weeklylunchmenu.png used on input lin
e 19.
(pdftex.def)             Requested size: 397.48622pt x 289.09047pt.

Overfull \hbox (7.48622pt too wide) in paragraph at lines 19--20
 [][][] 
 []

[80 <D:/Dropbox/Master Thesis Final/Master Thesis Final git/Smart Cafeteria Rep
ort/src/ch3/AppendixMenu/Weeklylunchmenu.png>]
<ch3/AppendixFocusGroup/FocusGroup.pdf, id=1469, 614.295pt x 794.97pt>
File: ch3/AppendixFocusGroup/FocusGroup.pdf Graphic file (type pdf)

<use ch3/AppendixFocusGroup/FocusGroup.pdf>
Package pdftex.def Info: ch3/AppendixFocusGroup/FocusGroup.pdf used on input li
ne 28.
(pdftex.def)             Requested size: 397.48499pt x 514.39537pt.

Overfull \hbox (7.48499pt too wide) in paragraph at lines 28--29
 [][][] 
 []

[81 <D:/Dropbox/Master Thesis Final/Master Thesis Final git/Smart Cafeteria Rep
ort/src/ch3/AppendixFocusGroup/FocusGroup.pdf>]
LuaTeX warning (file ch3/AppendixQuestionnaires/Questionnaire.pdf): PDF inclusi
on: found PDF version <1.7>, but at most version <1.5> allowed
<ch3/AppendixQuestionnaires/Questionnaire.pdf, id=1500, 614.295pt x 794.97pt>
File: ch3/AppendixQuestionnaires/Questionnaire.pdf Graphic file (type pdf)

<use ch3/AppendixQuestionnaires/Questionnaire.pdf>
Package pdftex.def Info: ch3/AppendixQuestionnaires/Questionnaire.pdf used on i
nput line 38.
(pdftex.def)             Requested size: 397.48499pt x 514.39537pt.

Overfull \hbox (7.48499pt too wide) in paragraph at lines 38--39
 [][][] 
 []

[82 <D:/Dropbox/Master Thesis Final/Master Thesis Final git/Smart Cafeteria Rep
ort/src/ch3/AppendixQuestionnaires/Questionnaire.pdf>]
Appendix B.
<ch5/UsabilityQuestionnaire1.pdf, id=1516, 614.295pt x 794.97pt>
File: ch5/UsabilityQuestionnaire1.pdf Graphic file (type pdf)

<use ch5/UsabilityQuestionnaire1.pdf>
Package pdftex.def Info: ch5/UsabilityQuestionnaire1.pdf used on input line 51.

(pdftex.def)             Requested size: 433.62169pt x 339.67125pt.

Overfull \hbox (43.62169pt too wide) in paragraph at lines 51--54
 [][][] 
 []

<ch5/UsabilityQuestionnaire2.pdf, id=1517, 614.295pt x 794.97pt>
File: ch5/UsabilityQuestionnaire2.pdf Graphic file (type pdf)

<use ch5/UsabilityQuestionnaire2.pdf>
Package pdftex.def Info: ch5/UsabilityQuestionnaire2.pdf used on input line 60.

(pdftex.def)             Requested size: 433.62pt x 561.15749pt.

Overfull \hbox (43.62pt too wide) in paragraph at lines 60--63
 [][][] 
 []

[83

 <D:/Dropbox/Master Thesis Final/Master Thesis Final git/Smart Cafeteria Report
/src/ch5/UsabilityQuestionnaire1.pdf>]
<ch5/UsabilityQuestionnaire3.pdf, id=1551, 614.295pt x 794.97pt>
File: ch5/UsabilityQuestionnaire3.pdf Graphic file (type pdf)

<use ch5/UsabilityQuestionnaire3.pdf>
Package pdftex.def Info: ch5/UsabilityQuestionnaire3.pdf used on input line 68.

(pdftex.def)             Requested size: 433.62pt x 561.15749pt.

Overfull \hbox (43.62pt too wide) in paragraph at lines 68--71
 [][][] 
 []

<ch5/UsabilityQuestionnaire4.pdf, id=1552, 614.295pt x 794.97pt>
File: ch5/UsabilityQuestionnaire4.pdf Graphic file (type pdf)

<use ch5/UsabilityQuestionnaire4.pdf>
Package pdftex.def Info: ch5/UsabilityQuestionnaire4.pdf used on input line 76.

(pdftex.def)             Requested size: 433.62pt x 561.15749pt.

Overfull \hbox (43.62pt too wide) in paragraph at lines 76--79
 [][][] 
 []

[84 <D:/Dropbox/Master Thesis Final/Master Thesis Final git/Smart Cafeteria Rep
ort/src/ch5/UsabilityQuestionnaire2.pdf>] [85 <D:/Dropbox/Master Thesis Final/M
aster Thesis Final git/Smart Cafeteria Report/src/ch5/UsabilityQuestionnaire3.p
df>] [86 <D:/Dropbox/Master Thesis Final/Master Thesis Final git/Smart Cafeteri
a Report/src/ch5/UsabilityQuestionnaire4.pdf>]
<ch5/Result/Desktop/1.pdf, id=1621, 614.295pt x 794.97pt>
File: ch5/Result/Desktop/1.pdf Graphic file (type pdf)

<use ch5/Result/Desktop/1.pdf>
Package pdftex.def Info: ch5/Result/Desktop/1.pdf used on input line 88.
(pdftex.def)             Requested size: 404.71243pt x 523.7478pt.

Overfull \hbox (14.71243pt too wide) in paragraph at lines 88--91
 [][][] 
 []

<ch5/Result/Desktop/2.pdf, id=1622, 614.295pt x 794.97pt>
File: ch5/Result/Desktop/2.pdf Graphic file (type pdf)

<use ch5/Result/Desktop/2.pdf>
Package pdftex.def Info: ch5/Result/Desktop/2.pdf used on input line 95.
(pdftex.def)             Requested size: 433.62pt x 561.15749pt.

Overfull \hbox (43.62pt too wide) in paragraph at lines 95--98
 [][][] 
 []

<ch5/Result/Desktop/3.pdf, id=1623, 614.295pt x 794.97pt>
File: ch5/Result/Desktop/3.pdf Graphic file (type pdf)

<use ch5/Result/Desktop/3.pdf>
Package pdftex.def Info: ch5/Result/Desktop/3.pdf used on input line 103.
(pdftex.def)             Requested size: 433.62pt x 561.15749pt.

Overfull \hbox (43.62pt too wide) in paragraph at lines 103--106
 [][][] 
 []

[87

 <D:/Dropbox/Master Thesis Final/Master Thesis Final git/Smart Cafeteria Report
/src/ch5/Result/Desktop/1.pdf>] [88 <D:/Dropbox/Master Thesis Final/Master Thes
is Final git/Smart Cafeteria Report/src/ch5/Result/Desktop/2.pdf>] [89 <D:/Drop
box/Master Thesis Final/Master Thesis Final git/Smart Cafeteria Report/src/ch5/
Result/Desktop/3.pdf>]
<ch5/Result/Mobile/1.pdf, id=1763, 614.295pt x 794.97pt>
File: ch5/Result/Mobile/1.pdf Graphic file (type pdf)

<use ch5/Result/Mobile/1.pdf>
Package pdftex.def Info: ch5/Result/Mobile/1.pdf used on input line 115.
(pdftex.def)             Requested size: 404.71243pt x 523.7478pt.

Overfull \hbox (14.71243pt too wide) in paragraph at lines 115--118
 [][][] 
 []

<ch5/Result/Mobile/2.pdf, id=1764, 614.295pt x 794.97pt>
File: ch5/Result/Mobile/2.pdf Graphic file (type pdf)

<use ch5/Result/Mobile/2.pdf>
Package pdftex.def Info: ch5/Result/Mobile/2.pdf used on input line 122.
(pdftex.def)             Requested size: 433.62pt x 561.15749pt.

Overfull \hbox (43.62pt too wide) in paragraph at lines 122--125
 [][][] 
 []

<ch5/Result/Mobile/3.pdf, id=1765, 614.295pt x 794.97pt>
File: ch5/Result/Mobile/3.pdf Graphic file (type pdf)

<use ch5/Result/Mobile/3.pdf>
Package pdftex.def Info: ch5/Result/Mobile/3.pdf used on input line 130.
(pdftex.def)             Requested size: 433.62pt x 561.15749pt.

Overfull \hbox (43.62pt too wide) in paragraph at lines 130--133
 [][][] 
 []

)
Package atveryend Info: Empty hook `BeforeClearDocument' on input line 164.
 [90

 <D:/Dropbox/Master Thesis Final/Master Thesis Final git/Smart Cafeteria Report
/src/ch5/Result/Mobile/1.pdf>] [91 <D:/Dropbox/Master Thesis Final/Master Thesi
s Final git/Smart Cafeteria Report/src/ch5/Result/Mobile/2.pdf>] [92 <D:/Dropbo
x/Master Thesis Final/Master Thesis Final git/Smart Cafeteria Report/src/ch5/Re
sult/Mobile/3.pdf>]
Package atveryend Info: Empty hook `AfterLastShipout' on input line 164.

("D:/Dropbox/Master Thesis Final/Master Thesis Final git/Smart Cafeteria Report
/src/Thesis Main.aux")
Package atveryend Info: Executing hook `AtVeryEndDocument' on input line 164.
Package atveryend Info: Executing hook `AtEndAfterFileList' on input line 164.
Package rerunfilecheck Info: File `"Thesis Main".out' has not changed.
(rerunfilecheck)             Checksum: <no file>.


LaTeX Font Warning: Some font shapes were not available, defaults substituted.

Package atveryend Info: Empty hook `AtVeryVeryEnd' on input line 164.
 )

Here is how much of LuaTeX's memory you used:
 11141 strings out of 495011
 100000,319454 words of node,token memory allocated
 770 words of node memory still in use:
    nodes
   avail lists: 2:27,3:557,4:1043,5:277,6:2978,7:413,8:42,9:458,10:305
 13556 multiletter control sequences out of 65536+200000
 60 fonts using 2370223 bytes
 36i,11n,43p,263b,534s stack positions out of 5000i,500n,10000p,200000b,50000s
{C:/Program Files/MiKTeX 2.9/fonts/enc/dvips/lm/lm-mathit.enc}{C:/Program Files
/MiKTeX 2.9/fonts/enc/dvips/lm/lm-rm.enc}{C:/Program Files/MiKTeX 2.9/fonts/enc
/dvips/lm/lm-mathex.enc}{C:/Program Files/MiKTeX 2.9/fonts/enc/dvips/lm/lm-math
sy.enc}{C:/Program Files/MiKTeX 2.9/fonts/enc/dvips/lm/lm-ec.enc}<C:/Program Fi
les/MiKTeX 2.9/fonts/type1/public/lm/lmbx12.pfb><C:/Program Files/MiKTeX 2.9/fo
nts/type1/public/lm/lmbxi10.pfb><C:/Program Files/MiKTeX 2.9/fonts/type1/public
/lm/lmex10.pfb><C:/Program Files/MiKTeX 2.9/fonts/type1/public/lm/lmmi12.pfb><C
:/Program Files/MiKTeX 2.9/fonts/type1/public/lm/lmmi8.pfb><C:/Program Files/Mi
KTeX 2.9/fonts/type1/public/lm/lmr10.pfb><C:/Program Files/MiKTeX 2.9/fonts/typ
e1/public/lm/lmr12.pfb><C:/Program Files/MiKTeX 2.9/fonts/type1/public/lm/lmr17
.pfb><C:/Program Files/MiKTeX 2.9/fonts/type1/public/lm/lmr7.pfb><C:/Program Fi
les/MiKTeX 2.9/fonts/type1/public/lm/lmr8.pfb><C:/Program Files/MiKTeX 2.9/font
s/type1/public/lm/lmri12.pfb><C:/Program Files/MiKTeX 2.9/fonts/type1/public/lm
/lmsy10.pfb>
Output written on Thesis Main.pdf (103 pages, 5435959 bytes).

PDF statistics: 1882 PDF objects out of 2073 (max. 8388607)
 401 named destinations out of 1000 (max. 131072)
 713 words of extra memory for PDF output out of 10000 (max. 10000000)

